<?xml version="1.0" encoding="UTF-8"?>
<coverage generated="1672853584086" clover="3.2.0">
  <project timestamp="1672853584086" name="All files">
    <metrics statements="26" coveredstatements="18" conditionals="12" coveredconditionals="6" methods="1" coveredmethods="1" elements="39" coveredelements="25" complexity="0" loc="26" ncloc="26" packages="1" files="1" classes="1"/>
    <file name="longestSubstringWithoutRepeatingCharacters.ts" path="/Users/javierlopezdeancos/Code/my-typescript-examples/src/leetCode/algorithms/medium/longestSubstringWithoutRepeatingCharacters.ts">
      <metrics statements="26" coveredstatements="18" conditionals="12" coveredconditionals="6" methods="1" coveredmethods="1"/>
      <line num="1" count="1" type="stmt"/>
      <line num="2" count="4" type="stmt"/>
      <line num="3" count="4" type="stmt"/>
      <line num="5" count="4" type="stmt"/>
      <line num="7" count="4" type="stmt"/>
      <line num="8" count="23" type="stmt"/>
      <line num="9" count="23" type="stmt"/>
      <line num="11" count="23" type="cond" truecount="1" falsecount="1"/>
      <line num="12" count="0" type="stmt"/>
      <line num="13" count="0" type="stmt"/>
      <line num="14" count="0" type="stmt"/>
      <line num="17" count="23" type="stmt"/>
      <line num="20" count="23" type="cond" truecount="2" falsecount="0"/>
      <line num="21" count="12" type="cond" truecount="2" falsecount="0"/>
      <line num="23" count="12" type="stmt"/>
      <line num="25" count="12" type="stmt"/>
      <line num="27" count="12" type="stmt"/>
      <line num="28" count="0" type="cond" truecount="0" falsecount="2"/>
      <line num="30" count="0" type="stmt"/>
      <line num="32" count="0" type="cond" truecount="0" falsecount="2"/>
      <line num="33" count="0" type="stmt"/>
      <line num="36" count="0" type="stmt"/>
      <line num="40" count="23" type="stmt"/>
      <line num="42" count="23" type="cond" truecount="1" falsecount="1"/>
      <line num="43" count="23" type="stmt"/>
      <line num="47" count="4" type="stmt"/>
    </file>
  </project>
</coverage>
