{
  "/Users/javierlopezdeancos/Code/my-typescript-examples/src/leetCode/algorithms/medium/longestSubstringWithoutRepeatingCharacters.ts": {
    "path": "/Users/javierlopezdeancos/Code/my-typescript-examples/src/leetCode/algorithms/medium/longestSubstringWithoutRepeatingCharacters.ts",
    "statementMap": {
      "0": { "start": { "line": 2, "column": 28 }, "end": { "line": 2, "column": 30 } },
      "1": { "start": { "line": 3, "column": 39 }, "end": { "line": 3, "column": 40 } },
      "2": { "start": { "line": 5, "column": 27 }, "end": { "line": 5, "column": 33 } },
      "3": { "start": { "line": 7, "column": 2 }, "end": { "line": 45, "column": null } },
      "4": { "start": { "line": 7, "column": 15 }, "end": { "line": 7, "column": 16 } },
      "5": { "start": { "line": 8, "column": 28 }, "end": { "line": 8, "column": 47 } },
      "6": { "start": { "line": 9, "column": 67 }, "end": { "line": 9, "column": 114 } },
      "7": { "start": { "line": 11, "column": 4 }, "end": { "line": 15, "column": null } },
      "8": { "start": { "line": 12, "column": 6 }, "end": { "line": 12, "column": 21 } },
      "9": { "start": { "line": 13, "column": 6 }, "end": { "line": 13, "column": 38 } },
      "10": { "start": { "line": 14, "column": 6 }, "end": { "line": 14, "column": 15 } },
      "11": { "start": { "line": 17, "column": 43 }, "end": { "line": 17, "column": 78 } },
      "12": { "start": { "line": 20, "column": 4 }, "end": { "line": 38, "column": null } },
      "13": { "start": { "line": 21, "column": 6 }, "end": { "line": 21, "column": 53 } },
      "14": { "start": { "line": 21, "column": 24 }, "end": { "line": 21, "column": 53 } },
      "15": { "start": { "line": 23, "column": 58 }, "end": { "line": 23, "column": 60 } },
      "16": { "start": { "line": 25, "column": 6 }, "end": { "line": 25, "column": 62 } },
      "17": { "start": { "line": 27, "column": 6 }, "end": { "line": 37, "column": null } },
      "18": { "start": { "line": 27, "column": 19 }, "end": { "line": 27, "column": 35 } },
      "19": { "start": { "line": 28, "column": 8 }, "end": { "line": 28, "column": 73 } },
      "20": { "start": { "line": 28, "column": 26 }, "end": { "line": 28, "column": 73 } },
      "21": { "start": { "line": 30, "column": 35 }, "end": { "line": 30, "column": 47 } },
      "22": { "start": { "line": 32, "column": 8 }, "end": { "line": 34, "column": null } },
      "23": { "start": { "line": 33, "column": 10 }, "end": { "line": 33, "column": 16 } },
      "24": { "start": { "line": 36, "column": 8 }, "end": { "line": 36, "column": 70 } },
      "25": { "start": { "line": 40, "column": 4 }, "end": { "line": 40, "column": 36 } },
      "26": { "start": { "line": 42, "column": 4 }, "end": { "line": 44, "column": null } },
      "27": { "start": { "line": 43, "column": 6 }, "end": { "line": 43, "column": 48 } },
      "28": { "start": { "line": 47, "column": 2 }, "end": { "line": 47, "column": 32 } },
      "29": { "start": { "line": 1, "column": 0 }, "end": { "line": 1, "column": 16 } }
    },
    "fnMap": {
      "0": {
        "name": "lengthOfLongestSubstring",
        "decl": { "start": { "line": 1, "column": 16 }, "end": { "line": 1, "column": 40 } },
        "loc": { "start": { "line": 1, "column": 50 }, "end": { "line": 48, "column": 1 } }
      }
    },
    "branchMap": {
      "0": {
        "loc": { "start": { "line": 11, "column": 4 }, "end": { "line": 15, "column": null } },
        "type": "if",
        "locations": [
          { "start": { "line": 11, "column": 4 }, "end": { "line": 15, "column": null } },
          { "start": { "line": 11, "column": 4 }, "end": { "line": 15, "column": null } }
        ]
      },
      "1": {
        "loc": { "start": { "line": 20, "column": 4 }, "end": { "line": 38, "column": null } },
        "type": "if",
        "locations": [
          { "start": { "line": 20, "column": 4 }, "end": { "line": 38, "column": null } },
          { "start": { "line": 20, "column": 4 }, "end": { "line": 38, "column": null } }
        ]
      },
      "2": {
        "loc": { "start": { "line": 21, "column": 6 }, "end": { "line": 21, "column": 53 } },
        "type": "if",
        "locations": [
          { "start": { "line": 21, "column": 6 }, "end": { "line": 21, "column": 53 } },
          { "start": { "line": 21, "column": 6 }, "end": { "line": 21, "column": 53 } }
        ]
      },
      "3": {
        "loc": { "start": { "line": 28, "column": 8 }, "end": { "line": 28, "column": 73 } },
        "type": "if",
        "locations": [
          { "start": { "line": 28, "column": 8 }, "end": { "line": 28, "column": 73 } },
          { "start": { "line": 28, "column": 8 }, "end": { "line": 28, "column": 73 } }
        ]
      },
      "4": {
        "loc": { "start": { "line": 32, "column": 8 }, "end": { "line": 34, "column": null } },
        "type": "if",
        "locations": [
          { "start": { "line": 32, "column": 8 }, "end": { "line": 34, "column": null } },
          { "start": { "line": 32, "column": 8 }, "end": { "line": 34, "column": null } }
        ]
      },
      "5": {
        "loc": { "start": { "line": 42, "column": 4 }, "end": { "line": 44, "column": null } },
        "type": "if",
        "locations": [
          { "start": { "line": 42, "column": 4 }, "end": { "line": 44, "column": null } },
          { "start": { "line": 42, "column": 4 }, "end": { "line": 44, "column": null } }
        ]
      }
    },
    "s": {
      "0": 4,
      "1": 4,
      "2": 4,
      "3": 4,
      "4": 4,
      "5": 23,
      "6": 23,
      "7": 23,
      "8": 0,
      "9": 0,
      "10": 0,
      "11": 23,
      "12": 23,
      "13": 12,
      "14": 1,
      "15": 12,
      "16": 12,
      "17": 12,
      "18": 12,
      "19": 0,
      "20": 0,
      "21": 0,
      "22": 0,
      "23": 0,
      "24": 0,
      "25": 23,
      "26": 23,
      "27": 23,
      "28": 4,
      "29": 1
    },
    "f": { "0": 4 },
    "b": { "0": [0, 23], "1": [12, 11], "2": [1, 11], "3": [0, 0], "4": [0, 0], "5": [23, 0] }
  }
}
