TN:
SF:src/leetCode/algorithms/medium/longestSubstringWithoutRepeatingCharacters.ts
FN:1,lengthOfLongestSubstring
FNF:1
FNH:1
FNDA:4,lengthOfLongestSubstring
DA:1,1
DA:2,4
DA:3,4
DA:5,4
DA:7,4
DA:8,23
DA:9,23
DA:11,23
DA:12,0
DA:13,0
DA:14,0
DA:17,23
DA:20,23
DA:21,12
DA:23,12
DA:25,12
DA:27,12
DA:28,0
DA:30,0
DA:32,0
DA:33,0
DA:36,0
DA:40,23
DA:42,23
DA:43,23
DA:47,4
LF:26
LH:18
BRDA:11,0,0,0
BRDA:11,0,1,23
BRDA:20,1,0,12
BRDA:20,1,1,11
BRDA:21,2,0,1
BRDA:21,2,1,11
BRDA:28,3,0,0
BRDA:28,3,1,0
BRDA:32,4,0,0
BRDA:32,4,1,0
BRDA:42,5,0,23
BRDA:42,5,1,0
BRF:12
BRH:6
end_of_record
